#
# There is insufficient memory for the Java Runtime Environment to continue.
# Native memory allocation (malloc) failed to allocate 1048576 bytes for AllocateHeap
# Possible reasons:
#   The system is out of physical RAM or swap space
#   In 32 bit mode, the process size limit was hit
# Possible solutions:
#   Reduce memory load on the system
#   Increase physical memory or swap space
#   Check if swap backing store is full
#   Use 64 bit Java on a 64 bit OS
#   Decrease Java heap size (-Xmx/-Xms)
#   Decrease number of Java threads
#   Decrease Java thread stack sizes (-Xss)
#   Set larger code cache with -XX:ReservedCodeCacheSize=
# This output file may be truncated or incomplete.
#
#  Out of Memory Error (memory/allocation.inline.hpp:61), pid=6576, tid=0x00000000000019ac
#
# JRE version:  (8.0_162-b12) (build )
# Java VM: Java HotSpot(TM) 64-Bit Server VM (25.162-b12 mixed mode windows-amd64 compressed oops)
# Failed to write core dump. Minidumps are not enabled by default on client versions of Windows
#

---------------  T H R E A D  ---------------

Current thread (0x000000000461e800):  JavaThread "Unknown thread" [_thread_in_vm, id=6572, stack(0x00000000044e0000,0x00000000045e0000)]

Stack: [0x00000000044e0000,0x00000000045e0000]
[error occurred during error reporting (printing stack bounds), id 0xc0000005]

Native frames: (J=compiled Java code, j=interpreted, Vv=VM code, C=native code)


---------------  P R O C E S S  ---------------

Java Threads: ( => current thread )

Other Threads:

=>0x000000000461e800 (exited) JavaThread "Unknown thread" [_thread_in_vm, id=6572, stack(0x00000000044e0000,0x00000000045e0000)]

VM state:not at safepoint (normal execution)

VM Mutex/Monitor currently owned by a thread: None

Heap:
 PSYoungGen      total 38400K, used 665K [0x00000000d5c00000, 0x00000000d8680000, 0x0000000100000000)
  eden space 33280K, 2% used [0x00000000d5c00000,0x00000000d5ca6670,0x00000000d7c80000)
  from space 5120K, 0% used [0x00000000d8180000,0x00000000d8180000,0x00000000d8680000)
  to   space 5120K, 0% used [0x00000000d7c80000,0x00000000d7c80000,0x00000000d8180000)
 ParOldGen       total 87552K, used 0K [0x0000000081400000, 0x0000000086980000, 0x00000000d5c00000)
  object space 87552K, 0% used [0x0000000081400000,0x0000000081400000,0x0000000086980000)
 Metaspace       used 770K, capacity 4480K, committed 4480K, reserved 1056768K
  class space    used 75K, capacity 384K, committed 384K, reserved 1048576K

Card table byte_map: [0x0000000013af0000,0x0000000013ef0000] byte_map_base: 0x00000000136e6000

Marking Bits: (ParMarkBitMap*) 0x000000005bcc0860
 Begin Bits: [0x00000000145a0000, 0x0000000016550000)
 End Bits:   [0x0000000016550000, 0x0000000018500000)

Polling page: 0x00000000028a0000

CodeCache: size=245760Kb used=328Kb max_used=328Kb free=245431Kb
 bounds [0x0000000004730000, 0x00000000049a0000, 0x0000000013730000]
 total_blobs=58 nmethods=0 adapters=38
 compilation: enabled

Compilation events (0 events):
No events

GC Heap History (0 events):
No events

Deoptimization events (0 events):
No events

Classes redefined (0 events):
No events

Internal exceptions (0 events):
No events

Events (10 events):
Event: 0.020 loading class java/lang/Short
Event: 0.020 loading class java/lang/Short done
Event: 0.020 loading class java/lang/Integer
Event: 0.020 loading class java/lang/Integer done
Event: 0.020 loading class java/lang/Long
Event: 0.020 loading class java/lang/Long done
Event: 0.021 loading class java/lang/NullPointerException
Event: 0.021 loading class java/lang/NullPointerException done
Event: 0.021 loading class java/lang/ArithmeticException
Event: 0.021 loading class java/lang/ArithmeticException done


Dynamic libraries:
0x00007ff6b6c40000 - 0x00007ff6b6c77000 	C:\Program Files\Java\jdk1.8.0_162\bin\java.exe
0x00007ff9f5550000 - 0x00007ff9f5730000 	C:\WINDOWS\SYSTEM32\ntdll.dll
0x00007ff9f5190000 - 0x00007ff9f523e000 	C:\WINDOWS\System32\KERNEL32.DLL
0x00007ff9f2790000 - 0x00007ff9f29f6000 	C:\WINDOWS\System32\KERNELBASE.dll
0x00007ff9f52a0000 - 0x00007ff9f5341000 	C:\WINDOWS\System32\ADVAPI32.dll
0x00007ff9f4c70000 - 0x00007ff9f4d0d000 	C:\WINDOWS\System32\msvcrt.dll
0x00007ff9f3070000 - 0x00007ff9f30cb000 	C:\WINDOWS\System32\sechost.dll
0x00007ff9f5000000 - 0x00007ff9f511f000 	C:\WINDOWS\System32\RPCRT4.dll
0x00007ff9f4da0000 - 0x00007ff9f4f2f000 	C:\WINDOWS\System32\USER32.dll
0x00007ff9f2a00000 - 0x00007ff9f2a20000 	C:\WINDOWS\System32\win32u.dll
0x00007ff9f5240000 - 0x00007ff9f5268000 	C:\WINDOWS\System32\GDI32.dll
0x00007ff9f25f0000 - 0x00007ff9f2783000 	C:\WINDOWS\System32\gdi32full.dll
0x00007ff9f2330000 - 0x00007ff9f23cb000 	C:\WINDOWS\System32\msvcp_win.dll
0x00007ff9f2230000 - 0x00007ff9f2326000 	C:\WINDOWS\System32\ucrtbase.dll
0x00007ff9e6450000 - 0x00007ff9e66b9000 	C:\WINDOWS\WinSxS\amd64_microsoft.windows.common-controls_6595b64144ccf1df_6.0.16299.309_none_15cfd4c4935e6b11\COMCTL32.dll
0x00007ff9f4960000 - 0x00007ff9f4c68000 	C:\WINDOWS\System32\combase.dll
0x00007ff9f1a00000 - 0x00007ff9f1a72000 	C:\WINDOWS\System32\bcryptPrimitives.dll
0x00007ff9f5270000 - 0x00007ff9f529d000 	C:\WINDOWS\System32\IMM32.DLL
0x000000005c4f0000 - 0x000000005c5c1000 	C:\Program Files\Java\jdk1.8.0_162\jre\bin\msvcr100.dll
0x000000005b4a0000 - 0x000000005bd40000 	C:\Program Files\Java\jdk1.8.0_162\jre\bin\server\jvm.dll
0x00007ff9f5120000 - 0x00007ff9f5128000 	C:\WINDOWS\System32\PSAPI.DLL
0x00007ff9ed500000 - 0x00007ff9ed523000 	C:\WINDOWS\SYSTEM32\WINMM.dll
0x00007ff9eba60000 - 0x00007ff9eba69000 	C:\WINDOWS\SYSTEM32\WSOCK32.dll
0x00007ff9f4d10000 - 0x00007ff9f4d7c000 	C:\WINDOWS\System32\WS2_32.dll
0x00007ff9e79c0000 - 0x00007ff9e79ca000 	C:\WINDOWS\SYSTEM32\VERSION.dll
0x00007ff9ecfc0000 - 0x00007ff9ecfea000 	C:\WINDOWS\SYSTEM32\winmmbase.dll
0x00007ff9f23d0000 - 0x00007ff9f241a000 	C:\WINDOWS\System32\cfgmgr32.dll
0x0000000062250000 - 0x000000006225f000 	C:\Program Files\Java\jdk1.8.0_162\jre\bin\verify.dll
0x000000005cf90000 - 0x000000005cfb9000 	C:\Program Files\Java\jdk1.8.0_162\jre\bin\java.dll
0x000000005ced0000 - 0x000000005cee6000 	C:\Program Files\Java\jdk1.8.0_162\jre\bin\zip.dll

VM Arguments:
jvm_args: -ea 
java_command: org.apache.tools.ant.taskdefs.optional.junit.JUnitTestRunner MesInfoTest skipNonTests=false filtertrace=true haltOnError=false haltOnFailure=false showoutput=true outputtoformatters=true logfailedtests=true threadid=0 logtestlistenerevents=true formatter=org.apache.tools.ant.taskdefs.optional.junit.BriefJUnitResultFormatter formatter=org.apache.tools.ant.taskdefs.optional.junit.XMLJUnitResultFormatter,C:\Users\Alan\AppData\Local\Temp\TEST-MesInfoTest.xml crashfile=C:\Users\Alan\Documents\NetBeansProjects\EstacaoMeteorologica\build\junitvmwatcher1795620577193579729.properties propsfile=C:\Users\Alan\Documents\NetBeansProjects\EstacaoMeteorologica\build\junit4076456967246783755.properties
java_class_path (initial): C:\Users\Alan\Documents\NetBeansProjects\EstacaoMeteorologica\build\classes;C:\Program Files\NetBeans 8.2\platform\modules\ext\junit-4.12.jar;C:\Program Files\NetBeans 8.2\platform\modules\ext\hamcrest-core-1.3.jar;C:\Users\Alan\Documents\NetBeansProjects\EstacaoMeteorologica\build\test\classes;C:\Program Files\NetBeans 8.2\extide\ant\lib\ant-launcher.jar;C:\Program Files\NetBeans 8.2\extide\ant\lib\ant.jar;C:\Program Files\NetBeans 8.2\extide\ant\lib\ant-junit.jar;C:\Program Files\NetBeans 8.2\extide\ant\lib\ant-junit4.jar
Launcher Type: SUN_STANDARD

Environment Variables:
PATH=C:\ProgramData\Oracle\Java\javapath;C:\Program Files (x86)\Intel\iCLS Client\;C:\Program Files\Intel\iCLS Client\;C:\windows\system32;C:\windows;C:\windows\System32\Wbem;C:\windows\System32\WindowsPowerShell\v1.0\;C:\Program Files (x86)\NVIDIA Corporation\PhysX\Common;C:\Program Files (x86)\Intel\Intel(R) Management Engine Components\DAL;C:\Program Files\Intel\Intel(R) Management Engine Components\DAL;C:\Program Files (x86)\Intel\Intel(R) Management Engine Components\IPT;C:\Program Files\Intel\Intel(R) Management Engine Components\IPT;C:\Program Files\dotnet\;C:\Program Files\Microsoft SQL Server\130\Tools\Binn\;C:\WINDOWS\system32;C:\WINDOWS;C:\WINDOWS\System32\Wbem;C:\WINDOWS\System32\WindowsPowerShell\v1.0\;c:\Program Files\Microsoft SQL Server\110\Tools\Binn\;c:\Program Files (x86)\Microsoft SQL Server\110\Tools\Binn\;c:\Program Files\Microsoft SQL Server\110\DTS\Binn\;c:\Program Files (x86)\Microsoft SQL Server\110\Tools\Binn\ManagementStudio\;c:\Program Files (x86)\Microsoft Visual Studio 10.0\Common7\IDE\PrivateAssemblies\;c:\Program Files (x86)\Microsoft SQL Server\110\DTS\Binn\;C:\Users\Alan\AppData\Local\Microsoft\WindowsApps;C:\Users\Alan\AppData\Local\GitHubDesktop\bin
USERNAME=Alan
OS=Windows_NT
PROCESSOR_IDENTIFIER=Intel64 Family 6 Model 142 Stepping 9, GenuineIntel



---------------  S Y S T E M  ---------------

OS: Windows 10.0 , 64 bit Build 16299 (10.0.16299.15)

CPU:total 4 (initial active 4) (2 cores per cpu, 2 threads per core) family 6 model 142 stepping 9, cmov, cx8, fxsr, mmx, sse, sse2, sse3, ssse3, sse4.1, sse4.2, popcnt, avx, avx2, aes, clmul, erms, 3dnowpref, lzcnt, ht, tsc, tscinvbit, bmi1, bmi2, adx

Memory: 4k page, physical 8300940k(1318500k free), swap 8300940k(5904k free)

vm_info: Java HotSpot(TM) 64-Bit Server VM (25.162-b12) for windows-amd64 JRE (1.8.0_162-b12), built on Dec 19 2017 20:00:03 by "java_re" with MS VC++ 10.0 (VS2010)

time: Sun Mar 25 14:29:09 2018
elapsed time: 0 seconds (0d 0h 0m 0s)

